# JRE version: Java(TM) SE Runtime Environment (7.0_55-b13) (build 1.7.0_55-b13)
# Java VM: Java HotSpot(TM) 64-Bit Server VM (24.55-b03 mixed mode linux-amd64 compressed oops)
Heap
 PSYoungGen      total 186880K, used 54344K [0x00000000f0000000, 0x0000000100000000, 0x0000000100000000)
  eden space 142336K, 6% used [0x00000000f0000000,0x00000000f0996d28,0x00000000f8b00000)
  from space 44544K, 99% used [0x00000000fd480000,0x00000000ffffb588,0x0000000100000000)
  to   space 59904K, 0% used [0x00000000f8b00000,0x00000000f8b00000,0x00000000fc580000)
 ParOldGen       total 115712K, used 86178K [0x00000000d0000000, 0x00000000d7100000, 0x00000000f0000000)
  object space 115712K, 74% used [0x00000000d0000000,0x00000000d5428bd8,0x00000000d7100000)
 PSPermGen       total 119296K, used 118986K [0x00000000c0000000, 0x00000000c7480000, 0x00000000d0000000)
  object space 119296K, 99% used [0x00000000c0000000,0x00000000c7432998,0x00000000c7480000)
GC Heap History (10 events):
Event: 9.882 GC heap before
{Heap before GC invocations=16 (full 2):
 PSYoungGen      total 165376K, used 133345K [0x00000000f0000000, 0x00000000fe780000, 0x0000000100000000)
  eden space 118272K, 100% used [0x00000000f0000000,0x00000000f7380000,0x00000000f7380000)
  from space 47104K, 32% used [0x00000000f7380000,0x00000000f8238578,0x00000000fa180000)
  to   space 44544K, 0% used [0x00000000fbc00000,0x00000000fbc00000,0x00000000fe780000)
 ParOldGen       total 115712K, used 74820K [0x00000000d0000000, 0x00000000d7100000, 0x00000000f0000000)
  object space 115712K, 64% used [0x00000000d0000000,0x00000000d4911298,0x00000000d7100000)
 PSPermGen       total 110592K, used 80441K [0x00000000c0000000, 0x00000000c6c00000, 0x00000000d0000000)
  object space 110592K, 72% used [0x00000000c0000000,0x00000000c4e8e558,0x00000000c6c00000)
Event: 9.903 GC heap after
Heap after GC invocations=16 (full 2):
 PSYoungGen      total 188416K, used 18456K [0x00000000f0000000, 0x00000000fe380000, 0x0000000100000000)
  eden space 147968K, 0% used [0x00000000f0000000,0x00000000f0000000,0x00000000f9080000)
  from space 40448K, 45% used [0x00000000fbc00000,0x00000000fce062f0,0x00000000fe380000)
  to   space 42496K, 0% used [0x00000000f9080000,0x00000000f9080000,0x00000000fba00000)
 ParOldGen       total 115712K, used 74820K [0x00000000d0000000, 0x00000000d7100000, 0x00000000f0000000)
  object space 115712K, 64% used [0x00000000d0000000,0x00000000d4911298,0x00000000d7100000)
 PSPermGen       total 110592K, used 80441K [0x00000000c0000000, 0x00000000c6c00000, 0x00000000d0000000)
  object space 110592K, 72% used [0x00000000c0000000,0x00000000c4e8e558,0x00000000c6c00000)
}
Event: 10.807 GC heap before
{Heap before GC invocations=17 (full 2):
 PSYoungGen      total 188416K, used 166424K [0x00000000f0000000, 0x00000000fe380000, 0x0000000100000000)
  eden space 147968K, 100% used [0x00000000f0000000,0x00000000f9080000,0x00000000f9080000)
  from space 40448K, 45% used [0x00000000fbc00000,0x00000000fce062f0,0x00000000fe380000)
  to   space 42496K, 0% used [0x00000000f9080000,0x00000000f9080000,0x00000000fba00000)
 ParOldGen       total 115712K, used 74820K [0x00000000d0000000, 0x00000000d7100000, 0x00000000f0000000)
  object space 115712K, 64% used [0x00000000d0000000,0x00000000d4911298,0x00000000d7100000)
 PSPermGen       total 110592K, used 89913K [0x00000000c0000000, 0x00000000c6c00000, 0x00000000d0000000)
  object space 110592K, 81% used [0x00000000c0000000,0x00000000c57ce658,0x00000000c6c00000)
Event: 10.832 GC heap after
Heap after GC invocations=17 (full 2):
 PSYoungGen      total 190464K, used 25968K [0x00000000f0000000, 0x0000000100000000, 0x0000000100000000)
  eden space 147968K, 0% used [0x00000000f0000000,0x00000000f0000000,0x00000000f9080000)
  from space 42496K, 61% used [0x00000000f9080000,0x00000000fa9dc0f0,0x00000000fba00000)
  to   space 43008K, 0% used [0x00000000fd600000,0x00000000fd600000,0x0000000100000000)
 ParOldGen       total 115712K, used 74820K [0x00000000d0000000, 0x00000000d7100000, 0x00000000f0000000)
  object space 115712K, 64% used [0x00000000d0000000,0x00000000d4911298,0x00000000d7100000)
 PSPermGen       total 110592K, used 89913K [0x00000000c0000000, 0x00000000c6c00000, 0x00000000d0000000)
  object space 110592K, 81% used [0x00000000c0000000,0x00000000c57ce658,0x00000000c6c00000)
}
Event: 11.766 GC heap before
{Heap before GC invocations=18 (full 2):
 PSYoungGen      total 190464K, used 173936K [0x00000000f0000000, 0x0000000100000000, 0x0000000100000000)
  eden space 147968K, 100% used [0x00000000f0000000,0x00000000f9080000,0x00000000f9080000)
  from space 42496K, 61% used [0x00000000f9080000,0x00000000fa9dc0f0,0x00000000fba00000)
  to   space 43008K, 0% used [0x00000000fd600000,0x00000000fd600000,0x0000000100000000)
 ParOldGen       total 115712K, used 74820K [0x00000000d0000000, 0x00000000d7100000, 0x00000000f0000000)
  object space 115712K, 64% used [0x00000000d0000000,0x00000000d4911298,0x00000000d7100000)
 PSPermGen       total 110592K, used 100352K [0x00000000c0000000, 0x00000000c6c00000, 0x00000000d0000000)
  object space 110592K, 90% used [0x00000000c0000000,0x00000000c6200028,0x00000000c6c00000)
Event: 11.809 GC heap after
Heap after GC invocations=18 (full 2):
 PSYoungGen      total 218112K, used 26084K [0x00000000f0000000, 0x0000000100000000, 0x0000000100000000)
  eden space 175104K, 0% used [0x00000000f0000000,0x00000000f0000000,0x00000000fab00000)
  from space 43008K, 60% used [0x00000000fd600000,0x00000000fef790f0,0x0000000100000000)
  to   space 43520K, 0% used [0x00000000fab00000,0x00000000fab00000,0x00000000fd580000)
 ParOldGen       total 115712K, used 74828K [0x00000000d0000000, 0x00000000d7100000, 0x00000000f0000000)
  object space 115712K, 64% used [0x00000000d0000000,0x00000000d4913298,0x00000000d7100000)
 PSPermGen       total 110592K, used 100352K [0x00000000c0000000, 0x00000000c6c00000, 0x00000000d0000000)
  object space 110592K, 90% used [0x00000000c0000000,0x00000000c6200028,0x00000000c6c00000)
}
Event: 14.018 GC heap before
{Heap before GC invocations=19 (full 2):
 PSYoungGen      total 218112K, used 201188K [0x00000000f0000000, 0x0000000100000000, 0x0000000100000000)
  eden space 175104K, 100% used [0x00000000f0000000,0x00000000fab00000,0x00000000fab00000)
  from space 43008K, 60% used [0x00000000fd600000,0x00000000fef790f0,0x0000000100000000)
  to   space 43520K, 0% used [0x00000000fab00000,0x00000000fab00000,0x00000000fd580000)
 ParOldGen       total 115712K, used 74828K [0x00000000d0000000, 0x00000000d7100000, 0x00000000f0000000)
  object space 115712K, 64% used [0x00000000d0000000,0x00000000d4913298,0x00000000d7100000)
 PSPermGen       total 113152K, used 113141K [0x00000000c0000000, 0x00000000c6e80000, 0x00000000d0000000)
  object space 113152K, 99% used [0x00000000c0000000,0x00000000c6e7d740,0x00000000c6e80000)
Event: 14.061 GC heap after
Heap after GC invocations=19 (full 2):
 PSYoungGen      total 217600K, used 42173K [0x00000000f0000000, 0x0000000100000000, 0x0000000100000000)
  eden space 175104K, 0% used [0x00000000f0000000,0x00000000f0000000,0x00000000fab00000)
  from space 42496K, 99% used [0x00000000fab00000,0x00000000fd42f758,0x00000000fd480000)
  to   space 44544K, 0% used [0x00000000fd480000,0x00000000fd480000,0x0000000100000000)
 ParOldGen       total 115712K, used 74836K [0x00000000d0000000, 0x00000000d7100000, 0x00000000f0000000)
  object space 115712K, 64% used [0x00000000d0000000,0x00000000d4915298,0x00000000d7100000)
 PSPermGen       total 113152K, used 113141K [0x00000000c0000000, 0x00000000c6e80000, 0x00000000d0000000)
  object space 113152K, 99% used [0x00000000c0000000,0x00000000c6e7d740,0x00000000c6e80000)
}
Event: 15.567 GC heap before
{Heap before GC invocations=20 (full 2):
 PSYoungGen      total 217600K, used 217277K [0x00000000f0000000, 0x0000000100000000, 0x0000000100000000)
  eden space 175104K, 100% used [0x00000000f0000000,0x00000000fab00000,0x00000000fab00000)
  from space 42496K, 99% used [0x00000000fab00000,0x00000000fd42f758,0x00000000fd480000)
  to   space 44544K, 0% used [0x00000000fd480000,0x00000000fd480000,0x0000000100000000)
 ParOldGen       total 115712K, used 74836K [0x00000000d0000000, 0x00000000d7100000, 0x00000000f0000000)
  object space 115712K, 64% used [0x00000000d0000000,0x00000000d4915298,0x00000000d7100000)
 PSPermGen       total 119296K, used 118909K [0x00000000c0000000, 0x00000000c7480000, 0x00000000d0000000)
  object space 119296K, 99% used [0x00000000c0000000,0x00000000c741f740,0x00000000c7480000)
Event: 15.622 GC heap after
Heap after GC invocations=20 (full 2):
 PSYoungGen      total 186880K, used 44525K [0x00000000f0000000, 0x0000000100000000, 0x0000000100000000)
  eden space 142336K, 0% used [0x00000000f0000000,0x00000000f0000000,0x00000000f8b00000)
  from space 44544K, 99% used [0x00000000fd480000,0x00000000ffffb588,0x0000000100000000)
  to   space 59904K, 0% used [0x00000000f8b00000,0x00000000f8b00000,0x00000000fc580000)
 ParOldGen       total 115712K, used 86178K [0x00000000d0000000, 0x00000000d7100000, 0x00000000f0000000)
  object space 115712K, 74% used [0x00000000d0000000,0x00000000d5428bd8,0x00000000d7100000)
 PSPermGen       total 119296K, used 118909K [0x00000000c0000000, 0x00000000c7480000, 0x00000000d0000000)
  object space 119296K, 99% used [0x00000000c0000000,0x00000000c741f740,0x00000000c7480000)
}

