# JRE version: Java(TM) SE Runtime Environment (7.0_55-b13) (build 1.7.0_55-b13)
# Java VM: Java HotSpot(TM) 64-Bit Server VM (24.55-b03 mixed mode linux-amd64 compressed oops)
Heap
 PSYoungGen      total 202752K, used 171160K [0x00000000f0000000, 0x00000000ff900000, 0x0000000100000000)
  eden space 155648K, 96% used [0x00000000f0000000,0x00000000f9200490,0x00000000f9800000)
  from space 47104K, 45% used [0x00000000fcb00000,0x00000000fe025c38,0x00000000ff900000)
  to   space 49664K, 0% used [0x00000000f9800000,0x00000000f9800000,0x00000000fc880000)
 ParOldGen       total 135168K, used 81686K [0x00000000d0000000, 0x00000000d8400000, 0x00000000f0000000)
  object space 135168K, 60% used [0x00000000d0000000,0x00000000d4fc58e8,0x00000000d8400000)
 PSPermGen       total 173056K, used 115475K [0x00000000c0000000, 0x00000000ca900000, 0x00000000d0000000)
  object space 173056K, 66% used [0x00000000c0000000,0x00000000c70c4cf8,0x00000000ca900000)
GC Heap History (10 events):
Event: 11.789 GC heap before
{Heap before GC invocations=15 (full 2):
 PSYoungGen      total 171520K, used 165058K [0x00000000f0000000, 0x00000000fe600000, 0x0000000100000000)
  eden space 129536K, 100% used [0x00000000f0000000,0x00000000f7e80000,0x00000000f7e80000)
  from space 41984K, 84% used [0x00000000fac00000,0x00000000fceb0988,0x00000000fd500000)
  to   space 46592K, 0% used [0x00000000f7e80000,0x00000000f7e80000,0x00000000fac00000)
 ParOldGen       total 100864K, used 57413K [0x00000000d0000000, 0x00000000d6280000, 0x00000000f0000000)
  object space 100864K, 56% used [0x00000000d0000000,0x00000000d3811768,0x00000000d6280000)
 PSPermGen       total 94208K, used 80526K [0x00000000c0000000, 0x00000000c5c00000, 0x00000000d0000000)
  object space 94208K, 85% used [0x00000000c0000000,0x00000000c4ea3810,0x00000000c5c00000)
Event: 11.817 GC heap after
Heap after GC invocations=15 (full 2):
 PSYoungGen      total 176128K, used 42391K [0x00000000f0000000, 0x0000000100000000, 0x0000000100000000)
  eden space 129536K, 0% used [0x00000000f0000000,0x00000000f0000000,0x00000000f7e80000)
  from space 46592K, 90% used [0x00000000f7e80000,0x00000000fa7e5ce0,0x00000000fac00000)
  to   space 52224K, 0% used [0x00000000fcd00000,0x00000000fcd00000,0x0000000100000000)
 ParOldGen       total 100864K, used 57421K [0x00000000d0000000, 0x00000000d6280000, 0x00000000f0000000)
  object space 100864K, 56% used [0x00000000d0000000,0x00000000d3813768,0x00000000d6280000)
 PSPermGen       total 94208K, used 80526K [0x00000000c0000000, 0x00000000c5c00000, 0x00000000d0000000)
  object space 94208K, 85% used [0x00000000c0000000,0x00000000c4ea3810,0x00000000c5c00000)
}
Event: 12.743 GC heap before
{Heap before GC invocations=16 (full 2):
 PSYoungGen      total 176128K, used 171927K [0x00000000f0000000, 0x0000000100000000, 0x0000000100000000)
  eden space 129536K, 100% used [0x00000000f0000000,0x00000000f7e80000,0x00000000f7e80000)
  from space 46592K, 90% used [0x00000000f7e80000,0x00000000fa7e5ce0,0x00000000fac00000)
  to   space 52224K, 0% used [0x00000000fcd00000,0x00000000fcd00000,0x0000000100000000)
 ParOldGen       total 100864K, used 57421K [0x00000000d0000000, 0x00000000d6280000, 0x00000000f0000000)
  object space 100864K, 56% used [0x00000000d0000000,0x00000000d3813768,0x00000000d6280000)
 PSPermGen       total 94208K, used 87808K [0x00000000c0000000, 0x00000000c5c00000, 0x00000000d0000000)
  object space 94208K, 93% used [0x00000000c0000000,0x00000000c55c0048,0x00000000c5c00000)
Event: 12.788 GC heap after
Heap after GC invocations=16 (full 2):
 PSYoungGen      total 205824K, used 34540K [0x00000000f0000000, 0x0000000100000000, 0x0000000100000000)
  eden space 153600K, 0% used [0x00000000f0000000,0x00000000f0000000,0x00000000f9600000)
  from space 52224K, 66% used [0x00000000fcd00000,0x00000000feebb378,0x0000000100000000)
  to   space 54272K, 0% used [0x00000000f9600000,0x00000000f9600000,0x00000000fcb00000)
 ParOldGen       total 100864K, used 68101K [0x00000000d0000000, 0x00000000d6280000, 0x00000000f0000000)
  object space 100864K, 67% used [0x00000000d0000000,0x00000000d42815b8,0x00000000d6280000)
 PSPermGen       total 94208K, used 87808K [0x00000000c0000000, 0x00000000c5c00000, 0x00000000d0000000)
  object space 94208K, 93% used [0x00000000c0000000,0x00000000c55c0048,0x00000000c5c00000)
}
Event: 14.362 GC heap before
{Heap before GC invocations=17 (full 2):
 PSYoungGen      total 205824K, used 188140K [0x00000000f0000000, 0x0000000100000000, 0x0000000100000000)
  eden space 153600K, 100% used [0x00000000f0000000,0x00000000f9600000,0x00000000f9600000)
  from space 52224K, 66% used [0x00000000fcd00000,0x00000000feebb378,0x0000000100000000)
  to   space 54272K, 0% used [0x00000000f9600000,0x00000000f9600000,0x00000000fcb00000)
 ParOldGen       total 100864K, used 68101K [0x00000000d0000000, 0x00000000d6280000, 0x00000000f0000000)
  object space 100864K, 67% used [0x00000000d0000000,0x00000000d42815b8,0x00000000d6280000)
 PSPermGen       total 102400K, used 102169K [0x00000000c0000000, 0x00000000c6400000, 0x00000000d0000000)
  object space 102400K, 99% used [0x00000000c0000000,0x00000000c63c6588,0x00000000c6400000)
Event: 14.411 GC heap after
Heap after GC invocations=17 (full 2):
 PSYoungGen      total 207872K, used 26122K [0x00000000f0000000, 0x00000000ffe00000, 0x0000000100000000)
  eden space 153600K, 0% used [0x00000000f0000000,0x00000000f0000000,0x00000000f9600000)
  from space 54272K, 48% used [0x00000000f9600000,0x00000000faf82898,0x00000000fcb00000)
  to   space 52224K, 0% used [0x00000000fcb00000,0x00000000fcb00000,0x00000000ffe00000)
 ParOldGen       total 100864K, used 82521K [0x00000000d0000000, 0x00000000d6280000, 0x00000000f0000000)
  object space 100864K, 81% used [0x00000000d0000000,0x00000000d5096458,0x00000000d6280000)
 PSPermGen       total 102400K, used 102169K [0x00000000c0000000, 0x00000000c6400000, 0x00000000d0000000)
  object space 102400K, 99% used [0x00000000c0000000,0x00000000c63c6588,0x00000000c6400000)
}
Event: 14.411 GC heap before
{Heap before GC invocations=18 (full 3):
 PSYoungGen      total 207872K, used 26122K [0x00000000f0000000, 0x00000000ffe00000, 0x0000000100000000)
  eden space 153600K, 0% used [0x00000000f0000000,0x00000000f0000000,0x00000000f9600000)
  from space 54272K, 48% used [0x00000000f9600000,0x00000000faf82898,0x00000000fcb00000)
  to   space 52224K, 0% used [0x00000000fcb00000,0x00000000fcb00000,0x00000000ffe00000)
 ParOldGen       total 100864K, used 82521K [0x00000000d0000000, 0x00000000d6280000, 0x00000000f0000000)
  object space 100864K, 81% used [0x00000000d0000000,0x00000000d5096458,0x00000000d6280000)
 PSPermGen       total 102400K, used 102169K [0x00000000c0000000, 0x00000000c6400000, 0x00000000d0000000)
  object space 102400K, 99% used [0x00000000c0000000,0x00000000c63c6588,0x00000000c6400000)
Event: 14.850 GC heap after
Heap after GC invocations=18 (full 3):
 PSYoungGen      total 207872K, used 0K [0x00000000f0000000, 0x00000000ffe00000, 0x0000000100000000)
  eden space 153600K, 0% used [0x00000000f0000000,0x00000000f0000000,0x00000000f9600000)
  from space 54272K, 0% used [0x00000000f9600000,0x00000000f9600000,0x00000000fcb00000)
  to   space 52224K, 0% used [0x00000000fcb00000,0x00000000fcb00000,0x00000000ffe00000)
 ParOldGen       total 135168K, used 81686K [0x00000000d0000000, 0x00000000d8400000, 0x00000000f0000000)
  object space 135168K, 60% used [0x00000000d0000000,0x00000000d4fc58e8,0x00000000d8400000)
 PSPermGen       total 173056K, used 102139K [0x00000000c0000000, 0x00000000ca900000, 0x00000000d0000000)
  object space 173056K, 59% used [0x00000000c0000000,0x00000000c63bee30,0x00000000ca900000)
}
Event: 16.586 GC heap before
{Heap before GC invocations=19 (full 3):
 PSYoungGen      total 207872K, used 153600K [0x00000000f0000000, 0x00000000ffe00000, 0x0000000100000000)
  eden space 153600K, 100% used [0x00000000f0000000,0x00000000f9600000,0x00000000f9600000)
  from space 54272K, 0% used [0x00000000f9600000,0x00000000f9600000,0x00000000fcb00000)
  to   space 52224K, 0% used [0x00000000fcb00000,0x00000000fcb00000,0x00000000ffe00000)
 ParOldGen       total 135168K, used 81686K [0x00000000d0000000, 0x00000000d8400000, 0x00000000f0000000)
  object space 135168K, 60% used [0x00000000d0000000,0x00000000d4fc58e8,0x00000000d8400000)
 PSPermGen       total 173056K, used 112520K [0x00000000c0000000, 0x00000000ca900000, 0x00000000d0000000)
  object space 173056K, 65% used [0x00000000c0000000,0x00000000c6de2098,0x00000000ca900000)
Event: 16.612 GC heap after
Heap after GC invocations=19 (full 3):
 PSYoungGen      total 202752K, used 21655K [0x00000000f0000000, 0x00000000ff900000, 0x0000000100000000)
  eden space 155648K, 0% used [0x00000000f0000000,0x00000000f0000000,0x00000000f9800000)
  from space 47104K, 45% used [0x00000000fcb00000,0x00000000fe025c38,0x00000000ff900000)
  to   space 49664K, 0% used [0x00000000f9800000,0x00000000f9800000,0x00000000fc880000)
 ParOldGen       total 135168K, used 81686K [0x00000000d0000000, 0x00000000d8400000, 0x00000000f0000000)
  object space 135168K, 60% used [0x00000000d0000000,0x00000000d4fc58e8,0x00000000d8400000)
 PSPermGen       total 173056K, used 112520K [0x00000000c0000000, 0x00000000ca900000, 0x00000000d0000000)
  object space 173056K, 65% used [0x00000000c0000000,0x00000000c6de2098,0x00000000ca900000)
}

