# JRE version: Java(TM) SE Runtime Environment (7.0_55-b13) (build 1.7.0_55-b13)
# Java VM: Java HotSpot(TM) 64-Bit Server VM (24.55-b03 mixed mode linux-amd64 compressed oops)
Heap
 PSYoungGen      total 60416K, used 38582K [0x00000000f0000000, 0x00000000f4200000, 0x0000000100000000)
  eden space 54272K, 65% used [0x00000000f0000000,0x00000000f227f1c0,0x00000000f3500000)
  from space 6144K, 53% used [0x00000000f3c00000,0x00000000f3f2e920,0x00000000f4200000)
  to   space 6656K, 0% used [0x00000000f3500000,0x00000000f3500000,0x00000000f3b80000)
 ParOldGen       total 193536K, used 132641K [0x00000000d0000000, 0x00000000dbd00000, 0x00000000f0000000)
  object space 193536K, 68% used [0x00000000d0000000,0x00000000d81887a0,0x00000000dbd00000)
 PSPermGen       total 214528K, used 153139K [0x00000000c0000000, 0x00000000cd180000, 0x00000000d0000000)
  object space 214528K, 71% used [0x00000000c0000000,0x00000000c958ce88,0x00000000cd180000)
GC Heap History (10 events):
Event: 2950.383 GC heap before
{Heap before GC invocations=155 (full 7):
 PSYoungGen      total 60928K, used 56868K [0x00000000f0000000, 0x00000000f4400000, 0x0000000100000000)
  eden space 53248K, 100% used [0x00000000f0000000,0x00000000f3400000,0x00000000f3400000)
  from space 7680K, 47% used [0x00000000f3400000,0x00000000f3789088,0x00000000f3b80000)
  to   space 7680K, 0% used [0x00000000f3c80000,0x00000000f3c80000,0x00000000f4400000)
 ParOldGen       total 193536K, used 132253K [0x00000000d0000000, 0x00000000dbd00000, 0x00000000f0000000)
  object space 193536K, 68% used [0x00000000d0000000,0x00000000d8127638,0x00000000dbd00000)
 PSPermGen       total 214528K, used 152981K [0x00000000c0000000, 0x00000000cd180000, 0x00000000d0000000)
  object space 214528K, 71% used [0x00000000c0000000,0x00000000c9565438,0x00000000cd180000)
Event: 2950.397 GC heap after
Heap after GC invocations=155 (full 7):
 PSYoungGen      total 59904K, used 3365K [0x00000000f0000000, 0x00000000f4280000, 0x0000000100000000)
  eden space 53760K, 0% used [0x00000000f0000000,0x00000000f0000000,0x00000000f3480000)
  from space 6144K, 54% used [0x00000000f3c80000,0x00000000f3fc9798,0x00000000f4280000)
  to   space 7168K, 0% used [0x00000000f3480000,0x00000000f3480000,0x00000000f3b80000)
 ParOldGen       total 193536K, used 132317K [0x00000000d0000000, 0x00000000dbd00000, 0x00000000f0000000)
  object space 193536K, 68% used [0x00000000d0000000,0x00000000d8137638,0x00000000dbd00000)
 PSPermGen       total 214528K, used 152981K [0x00000000c0000000, 0x00000000cd180000, 0x00000000d0000000)
  object space 214528K, 71% used [0x00000000c0000000,0x00000000c9565438,0x00000000cd180000)
}
Event: 2963.049 GC heap before
{Heap before GC invocations=156 (full 7):
 PSYoungGen      total 59904K, used 57125K [0x00000000f0000000, 0x00000000f4280000, 0x0000000100000000)
  eden space 53760K, 100% used [0x00000000f0000000,0x00000000f3480000,0x00000000f3480000)
  from space 6144K, 54% used [0x00000000f3c80000,0x00000000f3fc9798,0x00000000f4280000)
  to   space 7168K, 0% used [0x00000000f3480000,0x00000000f3480000,0x00000000f3b80000)
 ParOldGen       total 193536K, used 132317K [0x00000000d0000000, 0x00000000dbd00000, 0x00000000f0000000)
  object space 193536K, 68% used [0x00000000d0000000,0x00000000d8137638,0x00000000dbd00000)
 PSPermGen       total 214528K, used 152990K [0x00000000c0000000, 0x00000000cd180000, 0x00000000d0000000)
  object space 214528K, 71% used [0x00000000c0000000,0x00000000c9567b38,0x00000000cd180000)
Event: 2963.059 GC heap after
Heap after GC invocations=156 (full 7):
 PSYoungGen      total 60928K, used 3332K [0x00000000f0000000, 0x00000000f4200000, 0x0000000100000000)
  eden space 53760K, 0% used [0x00000000f0000000,0x00000000f0000000,0x00000000f3480000)
  from space 7168K, 46% used [0x00000000f3480000,0x00000000f37c1210,0x00000000f3b80000)
  to   space 6656K, 0% used [0x00000000f3b80000,0x00000000f3b80000,0x00000000f4200000)
 ParOldGen       total 193536K, used 132497K [0x00000000d0000000, 0x00000000dbd00000, 0x00000000f0000000)
  object space 193536K, 68% used [0x00000000d0000000,0x00000000d81647a0,0x00000000dbd00000)
 PSPermGen       total 214528K, used 152990K [0x00000000c0000000, 0x00000000cd180000, 0x00000000d0000000)
  object space 214528K, 71% used [0x00000000c0000000,0x00000000c9567b38,0x00000000cd180000)
}
Event: 2971.417 GC heap before
{Heap before GC invocations=157 (full 7):
 PSYoungGen      total 60928K, used 57092K [0x00000000f0000000, 0x00000000f4200000, 0x0000000100000000)
  eden space 53760K, 100% used [0x00000000f0000000,0x00000000f3480000,0x00000000f3480000)
  from space 7168K, 46% used [0x00000000f3480000,0x00000000f37c1210,0x00000000f3b80000)
  to   space 6656K, 0% used [0x00000000f3b80000,0x00000000f3b80000,0x00000000f4200000)
 ParOldGen       total 193536K, used 132497K [0x00000000d0000000, 0x00000000dbd00000, 0x00000000f0000000)
  object space 193536K, 68% used [0x00000000d0000000,0x00000000d81647a0,0x00000000dbd00000)
 PSPermGen       total 214528K, used 152993K [0x00000000c0000000, 0x00000000cd180000, 0x00000000d0000000)
  object space 214528K, 71% used [0x00000000c0000000,0x00000000c9568608,0x00000000cd180000)
Event: 2971.427 GC heap after
Heap after GC invocations=157 (full 7):
 PSYoungGen      total 60416K, used 5267K [0x00000000f0000000, 0x00000000f4300000, 0x0000000100000000)
  eden space 53760K, 0% used [0x00000000f0000000,0x00000000f0000000,0x00000000f3480000)
  from space 6656K, 79% used [0x00000000f3b80000,0x00000000f40a4d18,0x00000000f4200000)
  to   space 7168K, 0% used [0x00000000f3480000,0x00000000f3480000,0x00000000f3b80000)
 ParOldGen       total 193536K, used 132537K [0x00000000d0000000, 0x00000000dbd00000, 0x00000000f0000000)
  object space 193536K, 68% used [0x00000000d0000000,0x00000000d816e7a0,0x00000000dbd00000)
 PSPermGen       total 214528K, used 152993K [0x00000000c0000000, 0x00000000cd180000, 0x00000000d0000000)
  object space 214528K, 71% used [0x00000000c0000000,0x00000000c9568608,0x00000000cd180000)
}
Event: 2979.979 GC heap before
{Heap before GC invocations=158 (full 7):
 PSYoungGen      total 60416K, used 59027K [0x00000000f0000000, 0x00000000f4300000, 0x0000000100000000)
  eden space 53760K, 100% used [0x00000000f0000000,0x00000000f3480000,0x00000000f3480000)
  from space 6656K, 79% used [0x00000000f3b80000,0x00000000f40a4d18,0x00000000f4200000)
  to   space 7168K, 0% used [0x00000000f3480000,0x00000000f3480000,0x00000000f3b80000)
 ParOldGen       total 193536K, used 132537K [0x00000000d0000000, 0x00000000dbd00000, 0x00000000f0000000)
  object space 193536K, 68% used [0x00000000d0000000,0x00000000d816e7a0,0x00000000dbd00000)
 PSPermGen       total 214528K, used 152996K [0x00000000c0000000, 0x00000000cd180000, 0x00000000d0000000)
  object space 214528K, 71% used [0x00000000c0000000,0x00000000c95692b0,0x00000000cd180000)
Event: 2979.987 GC heap after
Heap after GC invocations=158 (full 7):
 PSYoungGen      total 60928K, used 3188K [0x00000000f0000000, 0x00000000f4300000, 0x0000000100000000)
  eden space 53760K, 0% used [0x00000000f0000000,0x00000000f0000000,0x00000000f3480000)
  from space 7168K, 44% used [0x00000000f3480000,0x00000000f379d220,0x00000000f3b80000)
  to   space 7168K, 0% used [0x00000000f3c00000,0x00000000f3c00000,0x00000000f4300000)
 ParOldGen       total 193536K, used 132601K [0x00000000d0000000, 0x00000000dbd00000, 0x00000000f0000000)
  object space 193536K, 68% used [0x00000000d0000000,0x00000000d817e7a0,0x00000000dbd00000)
 PSPermGen       total 214528K, used 152996K [0x00000000c0000000, 0x00000000cd180000, 0x00000000d0000000)
  object space 214528K, 71% used [0x00000000c0000000,0x00000000c95692b0,0x00000000cd180000)
}
Event: 2991.991 GC heap before
{Heap before GC invocations=159 (full 7):
 PSYoungGen      total 60928K, used 56948K [0x00000000f0000000, 0x00000000f4300000, 0x0000000100000000)
  eden space 53760K, 100% used [0x00000000f0000000,0x00000000f3480000,0x00000000f3480000)
  from space 7168K, 44% used [0x00000000f3480000,0x00000000f379d220,0x00000000f3b80000)
  to   space 7168K, 0% used [0x00000000f3c00000,0x00000000f3c00000,0x00000000f4300000)
 ParOldGen       total 193536K, used 132601K [0x00000000d0000000, 0x00000000dbd00000, 0x00000000f0000000)
  object space 193536K, 68% used [0x00000000d0000000,0x00000000d817e7a0,0x00000000dbd00000)
 PSPermGen       total 214528K, used 152999K [0x00000000c0000000, 0x00000000cd180000, 0x00000000d0000000)
  object space 214528K, 71% used [0x00000000c0000000,0x00000000c9569da0,0x00000000cd180000)
Event: 2992.000 GC heap after
Heap after GC invocations=159 (full 7):
 PSYoungGen      total 60416K, used 3258K [0x00000000f0000000, 0x00000000f4200000, 0x0000000100000000)
  eden space 54272K, 0% used [0x00000000f0000000,0x00000000f0000000,0x00000000f3500000)
  from space 6144K, 53% used [0x00000000f3c00000,0x00000000f3f2e920,0x00000000f4200000)
  to   space 6656K, 0% used [0x00000000f3500000,0x00000000f3500000,0x00000000f3b80000)
 ParOldGen       total 193536K, used 132641K [0x00000000d0000000, 0x00000000dbd00000, 0x00000000f0000000)
  object space 193536K, 68% used [0x00000000d0000000,0x00000000d81887a0,0x00000000dbd00000)
 PSPermGen       total 214528K, used 152999K [0x00000000c0000000, 0x00000000cd180000, 0x00000000d0000000)
  object space 214528K, 71% used [0x00000000c0000000,0x00000000c9569da0,0x00000000cd180000)
}

