# JRE version: Java(TM) SE Runtime Environment (7.0_55-b13) (build 1.7.0_55-b13)
# Java VM: Java HotSpot(TM) 64-Bit Server VM (24.55-b03 mixed mode linux-amd64 compressed oops)
Heap
 PSYoungGen      total 210432K, used 25087K [0x00000000f0000000, 0x0000000100000000, 0x0000000100000000)
  eden space 161792K, 13% used [0x00000000f0000000,0x00000000f160f578,0x00000000f9e00000)
  from space 48640K, 5% used [0x00000000fd080000,0x00000000fd2f0990,0x0000000100000000)
  to   space 50176K, 0% used [0x00000000f9e00000,0x00000000f9e00000,0x00000000fcf00000)
 ParOldGen       total 155648K, used 103063K [0x00000000d0000000, 0x00000000d9800000, 0x00000000f0000000)
  object space 155648K, 66% used [0x00000000d0000000,0x00000000d64a5eb8,0x00000000d9800000)
 PSPermGen       total 159744K, used 94629K [0x00000000c0000000, 0x00000000c9c00000, 0x00000000d0000000)
  object space 159744K, 59% used [0x00000000c0000000,0x00000000c5c69718,0x00000000c9c00000)
GC Heap History (10 events):
Event: 12.857 GC heap before
{Heap before GC invocations=17 (full 2):
 PSYoungGen      total 190976K, used 190974K [0x00000000f0000000, 0x00000000feb00000, 0x0000000100000000)
  eden space 158720K, 100% used [0x00000000f0000000,0x00000000f9b00000,0x00000000f9b00000)
  from space 32256K, 99% used [0x00000000fc000000,0x00000000fdf7fbd0,0x00000000fdf80000)
  to   space 37888K, 0% used [0x00000000f9b00000,0x00000000f9b00000,0x00000000fc000000)
 ParOldGen       total 103424K, used 62637K [0x00000000d0000000, 0x00000000d6500000, 0x00000000f0000000)
  object space 103424K, 60% used [0x00000000d0000000,0x00000000d3d2b548,0x00000000d6500000)
 PSPermGen       total 69632K, used 69194K [0x00000000c0000000, 0x00000000c4400000, 0x00000000d0000000)
  object space 69632K, 99% used [0x00000000c0000000,0x00000000c4392a68,0x00000000c4400000)
Event: 12.899 GC heap after
Heap after GC invocations=17 (full 2):
 PSYoungGen      total 196608K, used 31328K [0x00000000f0000000, 0x0000000100000000, 0x0000000100000000)
  eden space 158720K, 0% used [0x00000000f0000000,0x00000000f0000000,0x00000000f9b00000)
  from space 37888K, 82% used [0x00000000f9b00000,0x00000000fb998388,0x00000000fc000000)
  to   space 41984K, 0% used [0x00000000fd700000,0x00000000fd700000,0x0000000100000000)
 ParOldGen       total 103424K, used 70299K [0x00000000d0000000, 0x00000000d6500000, 0x00000000f0000000)
  object space 103424K, 67% used [0x00000000d0000000,0x00000000d44a6ce0,0x00000000d6500000)
 PSPermGen       total 69632K, used 69194K [0x00000000c0000000, 0x00000000c4400000, 0x00000000d0000000)
  object space 69632K, 99% used [0x00000000c0000000,0x00000000c4392a68,0x00000000c4400000)
}
Event: 13.405 GC heap before
{Heap before GC invocations=18 (full 2):
 PSYoungGen      total 196608K, used 190048K [0x00000000f0000000, 0x0000000100000000, 0x0000000100000000)
  eden space 158720K, 100% used [0x00000000f0000000,0x00000000f9b00000,0x00000000f9b00000)
  from space 37888K, 82% used [0x00000000f9b00000,0x00000000fb998388,0x00000000fc000000)
  to   space 41984K, 0% used [0x00000000fd700000,0x00000000fd700000,0x0000000100000000)
 ParOldGen       total 103424K, used 70299K [0x00000000d0000000, 0x00000000d6500000, 0x00000000f0000000)
  object space 103424K, 67% used [0x00000000d0000000,0x00000000d44a6ce0,0x00000000d6500000)
 PSPermGen       total 71680K, used 71283K [0x00000000c0000000, 0x00000000c4600000, 0x00000000d0000000)
  object space 71680K, 99% used [0x00000000c0000000,0x00000000c459cd58,0x00000000c4600000)
Event: 13.451 GC heap after
Heap after GC invocations=18 (full 2):
 PSYoungGen      total 211968K, used 34888K [0x00000000f0000000, 0x0000000100000000, 0x0000000100000000)
  eden space 169984K, 0% used [0x00000000f0000000,0x00000000f0000000,0x00000000fa600000)
  from space 41984K, 83% used [0x00000000fd700000,0x00000000ff9122e0,0x0000000100000000)
  to   space 46080K, 0% used [0x00000000fa600000,0x00000000fa600000,0x00000000fd300000)
 ParOldGen       total 103424K, used 70307K [0x00000000d0000000, 0x00000000d6500000, 0x00000000f0000000)
  object space 103424K, 67% used [0x00000000d0000000,0x00000000d44a8ce0,0x00000000d6500000)
 PSPermGen       total 71680K, used 71283K [0x00000000c0000000, 0x00000000c4600000, 0x00000000d0000000)
  object space 71680K, 99% used [0x00000000c0000000,0x00000000c459cd58,0x00000000c4600000)
}
Event: 14.174 GC heap before
{Heap before GC invocations=19 (full 2):
 PSYoungGen      total 211968K, used 204872K [0x00000000f0000000, 0x0000000100000000, 0x0000000100000000)
  eden space 169984K, 100% used [0x00000000f0000000,0x00000000fa600000,0x00000000fa600000)
  from space 41984K, 83% used [0x00000000fd700000,0x00000000ff9122e0,0x0000000100000000)
  to   space 46080K, 0% used [0x00000000fa600000,0x00000000fa600000,0x00000000fd300000)
 ParOldGen       total 103424K, used 70307K [0x00000000d0000000, 0x00000000d6500000, 0x00000000f0000000)
  object space 103424K, 67% used [0x00000000d0000000,0x00000000d44a8ce0,0x00000000d6500000)
 PSPermGen       total 79360K, used 79275K [0x00000000c0000000, 0x00000000c4d80000, 0x00000000d0000000)
  object space 79360K, 99% used [0x00000000c0000000,0x00000000c4d6ad28,0x00000000c4d80000)
Event: 14.217 GC heap after
Heap after GC invocations=19 (full 2):
 PSYoungGen      total 202752K, used 32524K [0x00000000f0000000, 0x0000000100000000, 0x0000000100000000)
  eden space 169984K, 0% used [0x00000000f0000000,0x00000000f0000000,0x00000000fa600000)
  from space 32768K, 99% used [0x00000000fa600000,0x00000000fc5c32c0,0x00000000fc600000)
  to   space 48640K, 0% used [0x00000000fd080000,0x00000000fd080000,0x0000000100000000)
 ParOldGen       total 103424K, used 80972K [0x00000000d0000000, 0x00000000d6500000, 0x00000000f0000000)
  object space 103424K, 78% used [0x00000000d0000000,0x00000000d4f133d0,0x00000000d6500000)
 PSPermGen       total 79360K, used 79275K [0x00000000c0000000, 0x00000000c4d80000, 0x00000000d0000000)
  object space 79360K, 99% used [0x00000000c0000000,0x00000000c4d6ad28,0x00000000c4d80000)
}
Event: 17.131 GC heap before
{Heap before GC invocations=20 (full 2):
 PSYoungGen      total 202752K, used 202508K [0x00000000f0000000, 0x0000000100000000, 0x0000000100000000)
  eden space 169984K, 100% used [0x00000000f0000000,0x00000000fa600000,0x00000000fa600000)
  from space 32768K, 99% used [0x00000000fa600000,0x00000000fc5c32c0,0x00000000fc600000)
  to   space 48640K, 0% used [0x00000000fd080000,0x00000000fd080000,0x0000000100000000)
 ParOldGen       total 103424K, used 80972K [0x00000000d0000000, 0x00000000d6500000, 0x00000000f0000000)
  object space 103424K, 78% used [0x00000000d0000000,0x00000000d4f133d0,0x00000000d6500000)
 PSPermGen       total 94720K, used 94297K [0x00000000c0000000, 0x00000000c5c80000, 0x00000000d0000000)
  object space 94720K, 99% used [0x00000000c0000000,0x00000000c5c167f0,0x00000000c5c80000)
Event: 17.199 GC heap after
Heap after GC invocations=20 (full 2):
 PSYoungGen      total 210432K, used 31851K [0x00000000f0000000, 0x0000000100000000, 0x0000000100000000)
  eden space 161792K, 0% used [0x00000000f0000000,0x00000000f0000000,0x00000000f9e00000)
  from space 48640K, 65% used [0x00000000fd080000,0x00000000fef9aec8,0x0000000100000000)
  to   space 50176K, 0% used [0x00000000f9e00000,0x00000000f9e00000,0x00000000fcf00000)
 ParOldGen       total 103424K, used 91111K [0x00000000d0000000, 0x00000000d6500000, 0x00000000f0000000)
  object space 103424K, 88% used [0x00000000d0000000,0x00000000d58f9f40,0x00000000d6500000)
 PSPermGen       total 94720K, used 94297K [0x00000000c0000000, 0x00000000c5c80000, 0x00000000d0000000)
  object space 94720K, 99% used [0x00000000c0000000,0x00000000c5c167f0,0x00000000c5c80000)
}
Event: 17.199 GC heap before
{Heap before GC invocations=21 (full 3):
 PSYoungGen      total 210432K, used 31851K [0x00000000f0000000, 0x0000000100000000, 0x0000000100000000)
  eden space 161792K, 0% used [0x00000000f0000000,0x00000000f0000000,0x00000000f9e00000)
  from space 48640K, 65% used [0x00000000fd080000,0x00000000fef9aec8,0x0000000100000000)
  to   space 50176K, 0% used [0x00000000f9e00000,0x00000000f9e00000,0x00000000fcf00000)
 ParOldGen       total 103424K, used 91111K [0x00000000d0000000, 0x00000000d6500000, 0x00000000f0000000)
  object space 103424K, 88% used [0x00000000d0000000,0x00000000d58f9f40,0x00000000d6500000)
 PSPermGen       total 94720K, used 94297K [0x00000000c0000000, 0x00000000c5c80000, 0x00000000d0000000)
  object space 94720K, 99% used [0x00000000c0000000,0x00000000c5c167f0,0x00000000c5c80000)
Event: 17.758 GC heap after
Heap after GC invocations=21 (full 3):
 PSYoungGen      total 210432K, used 2498K [0x00000000f0000000, 0x0000000100000000, 0x0000000100000000)
  eden space 161792K, 0% used [0x00000000f0000000,0x00000000f0000000,0x00000000f9e00000)
  from space 48640K, 5% used [0x00000000fd080000,0x00000000fd2f0990,0x0000000100000000)
  to   space 50176K, 0% used [0x00000000f9e00000,0x00000000f9e00000,0x00000000fcf00000)
 ParOldGen       total 155648K, used 103063K [0x00000000d0000000, 0x00000000d9800000, 0x00000000f0000000)
  object space 155648K, 66% used [0x00000000d0000000,0x00000000d64a5eb8,0x00000000d9800000)
 PSPermGen       total 159744K, used 94267K [0x00000000c0000000, 0x00000000c9c00000, 0x00000000d0000000)
  object space 159744K, 59% used [0x00000000c0000000,0x00000000c5c0edd0,0x00000000c9c00000)
}

