# JRE version: Java(TM) SE Runtime Environment (7.0_55-b13) (build 1.7.0_55-b13)
# Java VM: Java HotSpot(TM) 64-Bit Server VM (24.55-b03 mixed mode linux-amd64 compressed oops)
Heap
 PSYoungGen      total 208896K, used 132845K [0x00000000f0000000, 0x0000000100000000, 0x0000000100000000)
  eden space 166912K, 56% used [0x00000000f0000000,0x00000000f5b5ade0,0x00000000fa300000)
  from space 41984K, 93% used [0x00000000fd700000,0x00000000ffd60808,0x0000000100000000)
  to   space 47616K, 0% used [0x00000000fa300000,0x00000000fa300000,0x00000000fd180000)
 ParOldGen       total 95232K, used 64915K [0x00000000d0000000, 0x00000000d5d00000, 0x00000000f0000000)
  object space 95232K, 68% used [0x00000000d0000000,0x00000000d3f64fd8,0x00000000d5d00000)
 PSPermGen       total 89088K, used 88935K [0x00000000c0000000, 0x00000000c5700000, 0x00000000d0000000)
  object space 89088K, 99% used [0x00000000c0000000,0x00000000c56d9cb0,0x00000000c5700000)
GC Heap History (10 events):
Event: 10.557 GC heap before
{Heap before GC invocations=14 (full 2):
 PSYoungGen      total 118272K, used 108194K [0x00000000f0000000, 0x00000000fa580000, 0x0000000100000000)
  eden space 86528K, 100% used [0x00000000f0000000,0x00000000f5480000,0x00000000f5480000)
  from space 31744K, 68% used [0x00000000f5480000,0x00000000f69a8890,0x00000000f7380000)
  to   space 33280K, 0% used [0x00000000f8500000,0x00000000f8500000,0x00000000fa580000)
 ParOldGen       total 95232K, used 50388K [0x00000000d0000000, 0x00000000d5d00000, 0x00000000f0000000)
  object space 95232K, 52% used [0x00000000d0000000,0x00000000d3135100,0x00000000d5d00000)
 PSPermGen       total 67584K, used 67452K [0x00000000c0000000, 0x00000000c4200000, 0x00000000d0000000)
  object space 67584K, 99% used [0x00000000c0000000,0x00000000c41df0e0,0x00000000c4200000)
Event: 10.598 GC heap after
Heap after GC invocations=14 (full 2):
 PSYoungGen      total 134656K, used 23242K [0x00000000f0000000, 0x00000000fac00000, 0x0000000100000000)
  eden space 101376K, 0% used [0x00000000f0000000,0x00000000f0000000,0x00000000f6300000)
  from space 33280K, 69% used [0x00000000f8500000,0x00000000f9bb29f8,0x00000000fa580000)
  to   space 34816K, 0% used [0x00000000f6300000,0x00000000f6300000,0x00000000f8500000)
 ParOldGen       total 95232K, used 50388K [0x00000000d0000000, 0x00000000d5d00000, 0x00000000f0000000)
  object space 95232K, 52% used [0x00000000d0000000,0x00000000d3135100,0x00000000d5d00000)
 PSPermGen       total 67584K, used 67452K [0x00000000c0000000, 0x00000000c4200000, 0x00000000d0000000)
  object space 67584K, 99% used [0x00000000c0000000,0x00000000c41df0e0,0x00000000c4200000)
}
Event: 10.909 GC heap before
{Heap before GC invocations=15 (full 2):
 PSYoungGen      total 134656K, used 124618K [0x00000000f0000000, 0x00000000fac00000, 0x0000000100000000)
  eden space 101376K, 100% used [0x00000000f0000000,0x00000000f6300000,0x00000000f6300000)
  from space 33280K, 69% used [0x00000000f8500000,0x00000000f9bb29f8,0x00000000fa580000)
  to   space 34816K, 0% used [0x00000000f6300000,0x00000000f6300000,0x00000000f8500000)
 ParOldGen       total 95232K, used 50388K [0x00000000d0000000, 0x00000000d5d00000, 0x00000000f0000000)
  object space 95232K, 52% used [0x00000000d0000000,0x00000000d3135100,0x00000000d5d00000)
 PSPermGen       total 69632K, used 69253K [0x00000000c0000000, 0x00000000c4400000, 0x00000000d0000000)
  object space 69632K, 99% used [0x00000000c0000000,0x00000000c43a1760,0x00000000c4400000)
Event: 10.952 GC heap after
Heap after GC invocations=15 (full 2):
 PSYoungGen      total 136192K, used 27445K [0x00000000f0000000, 0x00000000fcb80000, 0x0000000100000000)
  eden space 101376K, 0% used [0x00000000f0000000,0x00000000f0000000,0x00000000f6300000)
  from space 34816K, 78% used [0x00000000f6300000,0x00000000f7dcd730,0x00000000f8500000)
  to   space 37376K, 0% used [0x00000000fa700000,0x00000000fa700000,0x00000000fcb80000)
 ParOldGen       total 95232K, used 50396K [0x00000000d0000000, 0x00000000d5d00000, 0x00000000f0000000)
  object space 95232K, 52% used [0x00000000d0000000,0x00000000d3137100,0x00000000d5d00000)
 PSPermGen       total 69632K, used 69253K [0x00000000c0000000, 0x00000000c4400000, 0x00000000d0000000)
  object space 69632K, 99% used [0x00000000c0000000,0x00000000c43a1760,0x00000000c4400000)
}
Event: 11.216 GC heap before
{Heap before GC invocations=16 (full 2):
 PSYoungGen      total 136192K, used 128821K [0x00000000f0000000, 0x00000000fcb80000, 0x0000000100000000)
  eden space 101376K, 100% used [0x00000000f0000000,0x00000000f6300000,0x00000000f6300000)
  from space 34816K, 78% used [0x00000000f6300000,0x00000000f7dcd730,0x00000000f8500000)
  to   space 37376K, 0% used [0x00000000fa700000,0x00000000fa700000,0x00000000fcb80000)
 ParOldGen       total 95232K, used 50396K [0x00000000d0000000, 0x00000000d5d00000, 0x00000000f0000000)
  object space 95232K, 52% used [0x00000000d0000000,0x00000000d3137100,0x00000000d5d00000)
 PSPermGen       total 70144K, used 69649K [0x00000000c0000000, 0x00000000c4480000, 0x00000000d0000000)
  object space 70144K, 99% used [0x00000000c0000000,0x00000000c4404550,0x00000000c4480000)
Event: 11.258 GC heap after
Heap after GC invocations=16 (full 2):
 PSYoungGen      total 167936K, used 30089K [0x00000000f0000000, 0x00000000fd680000, 0x0000000100000000)
  eden space 130560K, 0% used [0x00000000f0000000,0x00000000f0000000,0x00000000f7f80000)
  from space 37376K, 80% used [0x00000000fa700000,0x00000000fc462718,0x00000000fcb80000)
  to   space 40448K, 0% used [0x00000000f7f80000,0x00000000f7f80000,0x00000000fa700000)
 ParOldGen       total 95232K, used 50396K [0x00000000d0000000, 0x00000000d5d00000, 0x00000000f0000000)
  object space 95232K, 52% used [0x00000000d0000000,0x00000000d3137100,0x00000000d5d00000)
 PSPermGen       total 70144K, used 69649K [0x00000000c0000000, 0x00000000c4480000, 0x00000000d0000000)
  object space 70144K, 99% used [0x00000000c0000000,0x00000000c4404550,0x00000000c4480000)
}
Event: 11.532 GC heap before
{Heap before GC invocations=17 (full 2):
 PSYoungGen      total 167936K, used 160649K [0x00000000f0000000, 0x00000000fd680000, 0x0000000100000000)
  eden space 130560K, 100% used [0x00000000f0000000,0x00000000f7f80000,0x00000000f7f80000)
  from space 37376K, 80% used [0x00000000fa700000,0x00000000fc462718,0x00000000fcb80000)
  to   space 40448K, 0% used [0x00000000f7f80000,0x00000000f7f80000,0x00000000fa700000)
 ParOldGen       total 95232K, used 50396K [0x00000000d0000000, 0x00000000d5d00000, 0x00000000f0000000)
  object space 95232K, 52% used [0x00000000d0000000,0x00000000d3137100,0x00000000d5d00000)
 PSPermGen       total 72704K, used 72419K [0x00000000c0000000, 0x00000000c4700000, 0x00000000d0000000)
  object space 72704K, 99% used [0x00000000c0000000,0x00000000c46b8df0,0x00000000c4700000)
Event: 11.559 GC heap after
Heap after GC invocations=17 (full 2):
 PSYoungGen      total 171008K, used 28889K [0x00000000f0000000, 0x0000000100000000, 0x0000000100000000)
  eden space 130560K, 0% used [0x00000000f0000000,0x00000000f0000000,0x00000000f7f80000)
  from space 40448K, 71% used [0x00000000f7f80000,0x00000000f9bb66d0,0x00000000fa700000)
  to   space 41984K, 0% used [0x00000000fd700000,0x00000000fd700000,0x0000000100000000)
 ParOldGen       total 95232K, used 57269K [0x00000000d0000000, 0x00000000d5d00000, 0x00000000f0000000)
  object space 95232K, 60% used [0x00000000d0000000,0x00000000d37ed630,0x00000000d5d00000)
 PSPermGen       total 72704K, used 72419K [0x00000000c0000000, 0x00000000c4700000, 0x00000000d0000000)
  object space 72704K, 99% used [0x00000000c0000000,0x00000000c46b8df0,0x00000000c4700000)
}
Event: 13.875 GC heap before
{Heap before GC invocations=18 (full 2):
 PSYoungGen      total 171008K, used 159449K [0x00000000f0000000, 0x0000000100000000, 0x0000000100000000)
  eden space 130560K, 100% used [0x00000000f0000000,0x00000000f7f80000,0x00000000f7f80000)
  from space 40448K, 71% used [0x00000000f7f80000,0x00000000f9bb66d0,0x00000000fa700000)
  to   space 41984K, 0% used [0x00000000fd700000,0x00000000fd700000,0x0000000100000000)
 ParOldGen       total 95232K, used 57269K [0x00000000d0000000, 0x00000000d5d00000, 0x00000000f0000000)
  object space 95232K, 60% used [0x00000000d0000000,0x00000000d37ed630,0x00000000d5d00000)
 PSPermGen       total 84992K, used 84930K [0x00000000c0000000, 0x00000000c5300000, 0x00000000d0000000)
  object space 84992K, 99% used [0x00000000c0000000,0x00000000c52f0b18,0x00000000c5300000)
Event: 13.948 GC heap after
Heap after GC invocations=18 (full 2):
 PSYoungGen      total 208896K, used 39298K [0x00000000f0000000, 0x0000000100000000, 0x0000000100000000)
  eden space 166912K, 0% used [0x00000000f0000000,0x00000000f0000000,0x00000000fa300000)
  from space 41984K, 93% used [0x00000000fd700000,0x00000000ffd60808,0x0000000100000000)
  to   space 47616K, 0% used [0x00000000fa300000,0x00000000fa300000,0x00000000fd180000)
 ParOldGen       total 95232K, used 64915K [0x00000000d0000000, 0x00000000d5d00000, 0x00000000f0000000)
  object space 95232K, 68% used [0x00000000d0000000,0x00000000d3f64fd8,0x00000000d5d00000)
 PSPermGen       total 84992K, used 84930K [0x00000000c0000000, 0x00000000c5300000, 0x00000000d0000000)
  object space 84992K, 99% used [0x00000000c0000000,0x00000000c52f0b18,0x00000000c5300000)
}

